2017-08-14 18:03:09 - 0 -> user
2017-08-14 18:03:09 - 1 -> DestroySession
2017-08-14 18:03:09 - 0 -> Index
2017-08-14 18:03:09 - 1 -> index
2017-08-14 18:03:20 - 0 -> user
2017-08-14 18:03:20 - 1 -> signIn
2017-08-14 18:03:20 - 0 -> user
2017-08-14 18:03:31 - 0 -> User
2017-08-14 18:03:31 - 1 -> signIn
2017-08-14 18:05:39 - 0 -> user
2017-08-14 18:05:39 - 1 -> signIn
2017-08-14 18:05:39 - 0 -> user
2017-08-14 18:05:43 - 0 -> User
2017-08-14 18:05:43 - 1 -> signIn
2017-08-14 18:05:43 - 0 -> user
2017-08-14 18:06:10 - 0 -> User
2017-08-14 18:06:10 - 1 -> signIn
2017-08-14 18:06:17 - 0 -> user
2017-08-14 18:06:24 - 0 -> User
2017-08-14 18:06:24 - 1 -> signIn
2017-08-14 18:07:54 - 0 -> User
2017-08-14 18:07:54 - 1 -> signIn
2017-08-14 18:08:44 - 0 -> User
2017-08-14 18:08:44 - 1 -> signIn
2017-08-14 18:09:43 - 0 -> User
2017-08-14 18:09:43 - 1 -> signIn
2017-08-14 18:11:37 - 0 -> user
2017-08-14 18:11:37 - 1 -> signIn
2017-08-14 18:11:38 - 0 -> user
2017-08-14 18:11:42 - 0 -> User
2017-08-14 18:11:42 - 1 -> signIn
2017-08-14 18:11:42 - 0 -> user
2017-08-14 18:11:52 - 0 -> User
2017-08-14 18:11:52 - 1 -> signIn
2017-08-14 18:14:01 - 0 -> user
2017-08-14 18:14:01 - 1 -> signIn
2017-08-14 18:14:01 - 0 -> user
2017-08-14 18:14:17 - 0 -> User
2017-08-14 18:14:17 - 1 -> signIn
2017-08-14 18:16:21 - 0 -> user
2017-08-14 18:16:21 - 1 -> signIn
2017-08-14 18:16:21 - 0 -> user
2017-08-14 18:16:35 - 0 -> User
2017-08-14 18:16:35 - 1 -> signIn
2017-08-14 18:17:46 - 0 -> user
2017-08-14 18:17:46 - 1 -> signIn
2017-08-14 18:17:46 - 0 -> user
2017-08-14 18:18:02 - 0 -> User
2017-08-14 18:18:02 - 1 -> signIn
2017-08-14 18:18:50 - 0 -> user
2017-08-14 18:18:50 - 1 -> signIn
2017-08-14 18:18:50 - 0 -> user
2017-08-14 18:19:00 - 0 -> User
2017-08-14 18:19:00 - 1 -> signIn
2017-08-14 18:19:55 - 0 -> user
2017-08-14 18:19:55 - 1 -> signIn
2017-08-14 18:19:55 - 0 -> user
2017-08-14 18:20:12 - 0 -> User
2017-08-14 18:20:12 - 1 -> signIn
2017-08-14 18:20:40 - 0 -> User
2017-08-14 18:20:40 - 1 -> signIn
2017-08-14 18:20:47 - 0 -> user
2017-08-14 18:20:57 - 0 -> User
2017-08-14 18:20:57 - 1 -> signIn
2017-08-14 18:21:26 - 0 -> User
2017-08-14 18:21:26 - 1 -> signIn
2017-08-14 18:21:52 - 0 -> User
2017-08-14 18:21:52 - 1 -> signIn
2017-08-14 18:22:00 - 0 -> user
2017-08-14 18:22:05 - 0 -> user
2017-08-14 18:22:15 - 0 -> User
2017-08-14 18:22:15 - 1 -> signIn
2017-08-14 18:22:33 - 0 -> User
2017-08-14 18:22:33 - 1 -> signIn
2017-08-14 18:24:02 - 0 -> user
2017-08-14 18:24:02 - 1 -> signIn
2017-08-14 18:24:02 - 0 -> user
2017-08-14 18:24:24 - 0 -> User
2017-08-14 18:24:24 - 1 -> signIn
2017-08-14 18:25:43 - 0 -> User
2017-08-14 18:25:43 - 1 -> signIn
2017-08-14 18:26:41 - 0 -> User
2017-08-14 18:26:41 - 1 -> signIn
2017-08-14 18:27:17 - 0 -> user
2017-08-14 18:27:17 - 1 -> signIn
2017-08-14 18:27:17 - 0 -> user
2017-08-14 18:27:33 - 0 -> User
2017-08-14 18:27:33 - 1 -> signIn
2017-08-14 18:28:07 - 0 -> user
2017-08-14 18:28:07 - 1 -> signIn
2017-08-14 18:28:07 - 0 -> user
2017-08-14 18:28:16 - 0 -> User
2017-08-14 18:28:16 - 1 -> signIn
2017-08-14 18:29:18 - 0 -> user
2017-08-14 18:29:18 - 1 -> signIn
2017-08-14 18:29:18 - 0 -> user
2017-08-14 18:29:26 - 0 -> User
2017-08-14 18:29:26 - 1 -> signIn
2017-08-14 18:30:49 - 0 -> user
2017-08-14 18:30:49 - 1 -> signIn
2017-08-14 18:30:49 - 0 -> user
2017-08-14 18:30:51 - 0 -> User
2017-08-14 18:30:51 - 1 -> signIn
2017-08-14 18:30:51 - 0 -> user
2017-08-14 18:31:04 - 0 -> User
2017-08-14 18:31:04 - 1 -> signIn
2017-08-14 18:31:06 - 0 -> user
2017-08-14 18:31:16 - 0 -> User
2017-08-14 18:31:16 - 1 -> signIn
2017-08-14 18:32:41 - 0 -> user
2017-08-14 18:32:41 - 1 -> signIn
2017-08-14 18:32:41 - 0 -> user
2017-08-14 18:32:44 - 0 -> User
2017-08-14 18:32:44 - 1 -> signIn
2017-08-14 18:32:44 - 0 -> user
2017-08-14 18:32:45 - 0 -> User
2017-08-14 18:32:45 - 1 -> signIn
2017-08-14 18:32:45 - 0 -> user
2017-08-14 18:32:46 - 0 -> User
2017-08-14 18:32:46 - 1 -> signIn
2017-08-14 18:32:46 - 0 -> user
2017-08-14 18:32:46 - 0 -> User
2017-08-14 18:32:46 - 1 -> signIn
2017-08-14 18:32:46 - 0 -> user
2017-08-14 18:32:47 - 0 -> User
2017-08-14 18:32:47 - 1 -> signIn
2017-08-14 18:32:47 - 0 -> User
2017-08-14 18:32:47 - 1 -> signIn
2017-08-14 18:32:47 - 0 -> user
2017-08-14 18:32:52 - 0 -> User
2017-08-14 18:32:52 - 1 -> signIn
2017-08-14 18:33:21 - 0 -> user
2017-08-14 18:33:21 - 1 -> signIn
2017-08-14 18:33:21 - 0 -> user
2017-08-14 18:33:25 - 0 -> user
2017-08-14 18:33:34 - 0 -> User
2017-08-14 18:33:34 - 1 -> signIn
2017-08-14 18:34:14 - 0 -> user
2017-08-14 18:34:14 - 1 -> signIn
2017-08-14 18:34:14 - 0 -> user
2017-08-14 18:34:18 - 0 -> User
2017-08-14 18:34:18 - 1 -> signIn
2017-08-14 18:34:18 - 0 -> user
2017-08-14 18:34:19 - 0 -> User
2017-08-14 18:34:19 - 1 -> signIn
2017-08-14 18:34:19 - 0 -> user
2017-08-14 18:34:29 - 0 -> User
2017-08-14 18:34:30 - 1 -> signIn
2017-08-14 18:34:30 - 0 -> user
2017-08-14 18:34:51 - 0 -> User
2017-08-14 18:34:51 - 1 -> signIn
2017-08-14 18:34:51 - 0 -> user
2017-08-14 18:35:00 - 0 -> User
2017-08-14 18:35:00 - 1 -> signIn
2017-08-14 18:35:01 - 0 -> user
2017-08-14 18:35:16 - 0 -> User
2017-08-14 18:35:16 - 1 -> signIn
2017-08-14 18:35:16 - 0 -> user
2017-08-14 18:35:37 - 0 -> User
2017-08-14 18:35:37 - 1 -> signIn
2017-08-14 18:35:38 - 0 -> Account
2017-08-14 18:35:38 - 1 -> Cpanel
2017-08-14 18:36:59 - 0 -> Account
2017-08-14 18:36:59 - 1 -> Cpanel
2017-08-14 18:37:04 - 0 -> user
2017-08-14 18:37:04 - 1 -> DestroySession
2017-08-14 18:37:04 - 0 -> Index
2017-08-14 18:37:04 - 1 -> index
2017-08-14 18:37:07 - 0 -> user
2017-08-14 18:37:07 - 1 -> signIn
2017-08-14 18:37:07 - 0 -> user
2017-08-14 18:37:20 - 0 -> User
2017-08-14 18:37:20 - 1 -> signIn
2017-08-14 18:37:20 - 0 -> user
2017-08-14 18:37:31 - 0 -> User
2017-08-14 18:37:31 - 1 -> signIn
2017-08-14 18:37:32 - 0 -> user
2017-08-14 18:37:48 - 0 -> User
2017-08-14 18:37:48 - 1 -> signIn
2017-08-14 18:37:48 - 0 -> Account
2017-08-14 18:37:48 - 1 -> Cpanel
2017-08-14 18:38:48 - 0 -> user
2017-08-14 18:38:48 - 1 -> DestroySession
2017-08-14 18:38:48 - 0 -> Index
2017-08-14 18:38:48 - 1 -> index
2017-08-14 18:38:56 - 0 -> user
2017-08-14 18:38:56 - 1 -> signIn
2017-08-14 18:38:56 - 0 -> user
2017-08-14 18:39:12 - 0 -> User
2017-08-14 18:39:12 - 1 -> signIn
2017-08-14 18:39:12 - 0 -> user
2017-08-14 18:39:34 - 0 -> User
2017-08-14 18:39:34 - 1 -> signIn
2017-08-14 18:39:35 - 0 -> user
2017-08-14 22:49:34 - 0 -> user
2017-08-15 7:49:11 - 0 -> index
2017-08-15 15:21:59 - 0 -> index
2017-08-16 6:10:20 - 0 -> index
2017-08-16 6:17:50 - 0 -> Index
2017-08-16 6:17:50 - 1 -> index
2017-08-16 6:22:25 - 0 -> Index
2017-08-16 6:22:25 - 1 -> index
2017-08-16 6:24:31 - 0 -> Index
2017-08-16 6:24:31 - 1 -> index
2017-08-16 6:24:34 - 0 -> Index
2017-08-16 6:24:34 - 1 -> index
2017-08-16 6:24:52 - 0 -> Index
2017-08-16 6:24:52 - 1 -> index
2017-08-16 6:25:07 - 0 -> Index
2017-08-16 6:25:07 - 1 -> index
2017-08-16 6:25:35 - 0 -> Index
2017-08-16 6:25:35 - 1 -> index
2017-08-16 6:25:37 - 0 -> Index
2017-08-16 6:25:37 - 1 -> index
2017-08-16 6:25:59 - 0 -> Index
2017-08-16 6:25:59 - 1 -> index
2017-08-16 6:26:54 - 0 -> Index
2017-08-16 6:26:54 - 1 -> index
2017-08-16 6:27:55 - 0 -> Index
2017-08-16 6:27:55 - 1 -> index
2017-08-16 6:29:26 - 0 -> Index
2017-08-16 6:29:26 - 1 -> index
2017-08-16 6:29:38 - 0 -> Index
2017-08-16 6:29:38 - 1 -> index
2017-08-16 6:30:20 - 0 -> Index
2017-08-16 6:30:20 - 1 -> index
2017-08-16 6:30:23 - 0 -> Index
2017-08-16 6:30:23 - 1 -> index
2017-08-16 6:30:34 - 0 -> Index
2017-08-16 6:30:34 - 1 -> index
2017-08-16 6:31:01 - 0 -> Index
2017-08-16 6:31:01 - 1 -> index
2017-08-16 6:31:03 - 0 -> Index
2017-08-16 6:31:03 - 1 -> index
2017-08-16 6:31:20 - 0 -> Index
2017-08-16 6:31:20 - 1 -> index
2017-08-16 6:32:54 - 0 -> Index
2017-08-16 6:32:54 - 1 -> index
2017-08-16 6:38:53 - 0 -> Index
2017-08-16 6:38:53 - 1 -> index
2017-08-16 6:39:12 - 0 -> Index
2017-08-16 6:39:12 - 1 -> index
2017-08-16 6:39:40 - 0 -> Index
2017-08-16 6:39:40 - 1 -> index
2017-08-16 6:40:24 - 0 -> Index
2017-08-16 6:40:24 - 1 -> index
2017-08-16 6:40:34 - 0 -> Index
2017-08-16 6:40:34 - 1 -> index
2017-08-16 6:40:47 - 0 -> Index
2017-08-16 6:40:47 - 1 -> index
2017-08-16 6:40:49 - 0 -> Index
2017-08-16 6:40:49 - 1 -> index
2017-08-16 6:41:14 - 0 -> Index
2017-08-16 6:41:14 - 1 -> index
2017-08-16 6:41:32 - 0 -> Index
2017-08-16 6:41:32 - 1 -> index
2017-08-16 6:41:34 - 0 -> Index
2017-08-16 6:41:34 - 1 -> index
2017-08-16 6:42:02 - 0 -> Index
2017-08-16 6:42:02 - 1 -> index
2017-08-16 6:42:29 - 0 -> Index
2017-08-16 6:42:29 - 1 -> index
2017-08-16 6:42:31 - 0 -> Index
2017-08-16 6:42:31 - 1 -> index
2017-08-16 6:42:54 - 0 -> Index
2017-08-16 6:42:54 - 1 -> index
2017-08-16 6:43:41 - 0 -> Index
2017-08-16 6:43:41 - 1 -> index
2017-08-16 7:39:35 - 0 -> Index
2017-08-16 7:39:35 - 1 -> index
2017-08-16 7:39:59 - 0 -> Index
2017-08-16 7:39:59 - 1 -> index
2017-08-16 7:57:19 - 0 -> Index
2017-08-16 7:57:19 - 1 -> index
2017-08-16 7:57:23 - 0 -> Index
2017-08-16 7:57:23 - 1 -> index
2017-08-16 7:58:08 - 0 -> Index
2017-08-16 7:58:09 - 1 -> index
2017-08-16 7:59:15 - 0 -> Index
2017-08-16 7:59:15 - 1 -> index
2017-08-16 7:59:17 - 0 -> Index
2017-08-16 7:59:17 - 1 -> index
2017-08-16 7:59:34 - 0 -> Index
2017-08-16 7:59:34 - 1 -> index
2017-08-16 8:05:22 - 0 -> Index
2017-08-16 8:05:22 - 1 -> index
2017-08-16 8:05:39 - 0 -> Index
2017-08-16 8:05:39 - 1 -> index
2017-08-16 8:05:54 - 0 -> Index
2017-08-16 8:05:54 - 1 -> index
2017-08-16 8:06:15 - 0 -> Index
2017-08-16 8:06:15 - 1 -> index
2017-08-16 8:06:44 - 0 -> Index
2017-08-16 8:06:44 - 1 -> index
2017-08-16 8:06:53 - 0 -> Index
2017-08-16 8:06:53 - 1 -> index
2017-08-16 8:06:55 - 0 -> Index
2017-08-16 8:06:55 - 1 -> index
2017-08-16 8:08:22 - 0 -> Index
2017-08-16 8:08:22 - 1 -> index
2017-08-16 8:08:50 - 0 -> Index
2017-08-16 8:08:50 - 1 -> index
2017-08-16 8:17:17 - 0 -> Index
2017-08-16 8:17:17 - 1 -> index
2017-08-16 8:17:23 - 0 -> Index
2017-08-16 8:17:23 - 1 -> index
2017-08-16 8:18:20 - 0 -> Index
2017-08-16 8:18:20 - 1 -> index
2017-08-16 8:18:26 - 0 -> Index
2017-08-16 8:18:26 - 1 -> index
2017-08-16 8:19:53 - 0 -> Index
2017-08-16 8:19:53 - 1 -> index
2017-08-16 8:20:11 - 0 -> Index
2017-08-16 8:20:11 - 1 -> index
2017-08-16 8:21:37 - 0 -> Index
2017-08-16 8:21:37 - 1 -> index
2017-08-16 8:22:10 - 0 -> Index
2017-08-16 8:22:10 - 1 -> index
2017-08-16 8:23:08 - 0 -> Index
2017-08-16 8:23:09 - 1 -> index
2017-08-16 8:23:31 - 0 -> Index
2017-08-16 8:23:31 - 1 -> index
2017-08-16 8:24:09 - 0 -> Index
2017-08-16 8:24:10 - 1 -> index
2017-08-16 8:24:49 - 0 -> Index
2017-08-16 8:24:49 - 1 -> index
2017-08-16 8:25:11 - 0 -> Index
2017-08-16 8:25:11 - 1 -> index
2017-08-16 8:27:21 - 0 -> Index
2017-08-16 8:27:21 - 1 -> index
2017-08-16 8:27:48 - 0 -> Index
2017-08-16 8:27:48 - 1 -> index
2017-08-16 8:30:06 - 0 -> Index
2017-08-16 8:30:06 - 1 -> index
2017-08-16 8:31:04 - 0 -> Index
2017-08-16 8:31:04 - 1 -> index
2017-08-16 10:14:34 - 0 -> Index
2017-08-16 10:14:34 - 1 -> index
2017-08-17 3:18:14 - 0 -> Index
2017-08-17 3:18:14 - 1 -> index
2017-08-17 3:59:40 - 0 -> Index
2017-08-17 3:59:40 - 1 -> index
2017-08-17 23:55:00 - 0 -> index
2017-08-17 23:55:55 - 0 -> index
2017-08-17 23:56:39 - 0 -> index
2017-08-18 1:55:33 - 0 -> index
2017-08-18 2:06:32 - 0 -> index
2017-08-18 2:15:46 - 0 -> index
2017-08-18 2:16:40 - 0 -> index
2017-08-18 2:20:21 - 0 -> index
2017-08-18 2:23:20 - 0 -> index
2017-08-18 2:30:21 - 0 -> index
2017-08-18 2:31:45 - 0 -> index
2017-08-18 2:32:05 - 0 -> index
2017-08-18 2:32:07 - 0 -> index
2017-08-18 2:32:46 - 0 -> index
2017-08-18 2:33:13 - 0 -> index
2017-08-18 2:33:16 - 0 -> index
2017-08-18 2:47:25 - 0 -> index
2017-08-18 2:47:54 - 0 -> index
2017-08-18 2:49:31 - 0 -> index
2017-08-18 2:53:04 - 0 -> index
2017-08-18 2:58:33 - 0 -> index
2017-08-18 3:18:23 - 0 -> index
2017-08-18 3:18:27 - 0 -> index
2017-08-18 7:40:53 - 0 -> index
2017-08-18 7:42:36 - 0 -> index
2017-08-18 7:43:44 - 0 -> index
2017-08-18 7:44:10 - 0 -> Index
2017-08-18 7:44:10 - 1 -> index
2017-08-18 7:44:59 - 0 -> Index
2017-08-18 7:44:59 - 1 -> index
2017-08-18 7:52:40 - 0 -> Index
2017-08-18 7:52:40 - 1 -> index
2017-08-18 7:55:18 - 0 -> Index
2017-08-18 7:55:18 - 1 -> index
2017-08-18 7:57:34 - 0 -> Index
2017-08-18 7:57:34 - 1 -> index
2017-08-18 7:58:37 - 0 -> Index
2017-08-18 7:58:37 - 1 -> index
2017-08-18 8:01:06 - 0 -> Index
2017-08-18 8:01:06 - 1 -> index
2017-08-18 8:01:44 - 0 -> Index
2017-08-18 8:01:44 - 1 -> index
2017-08-18 8:05:09 - 0 -> user
2017-08-18 8:05:09 - 1 -> signIn
2017-08-18 8:05:09 - 0 -> user
2017-08-18 8:05:41 - 0 -> User
2017-08-18 8:05:41 - 1 -> signIn
2017-08-18 8:05:41 - 0 -> user
2017-08-18 8:05:52 - 0 -> User
2017-08-18 8:05:52 - 1 -> signIn
2017-08-18 8:05:52 - 0 -> user
2017-08-18 8:06:21 - 0 -> user
2017-08-18 8:06:29 - 0 -> User
2017-08-18 8:06:29 - 1 -> signIn
2017-08-18 8:06:32 - 0 -> Account
2017-08-18 8:06:32 - 1 -> Cpanel
2017-08-18 8:06:46 - 0 -> Account
2017-08-18 8:06:46 - 1 -> imageUser
2017-08-18 8:08:34 - 0 -> account
2017-08-18 8:08:34 - 1 -> insertImageUser
2017-08-18 8:08:36 - 0 -> account
2017-08-18 8:08:36 - 1 -> cpanel
2017-08-18 8:10:22 - 0 -> Account
2017-08-18 8:10:23 - 1 -> imageUser
2017-08-18 8:10:45 - 0 -> account
2017-08-18 8:10:45 - 1 -> insertImageUser
2017-08-18 8:10:45 - 0 -> account
2017-08-18 8:10:45 - 1 -> cpanel
2017-08-18 8:13:50 - 0 -> account
2017-08-18 8:13:50 - 1 -> cpanel
2017-08-18 8:13:53 - 0 -> account
2017-08-18 8:13:53 - 1 -> cpanel
2017-08-18 8:13:55 - 0 -> account
2017-08-18 8:13:55 - 1 -> deleteImage
2017-08-18 8:13:55 - 2 -> 30
2017-08-18 8:13:56 - 0 -> Index
2017-08-18 8:13:56 - 1 -> index
2017-08-18 8:14:00 - 0 -> account
2017-08-18 8:14:00 - 1 -> cpanel
2017-08-18 8:14:06 - 0 -> account
2017-08-18 8:14:06 - 1 -> deleteImage
2017-08-18 8:14:06 - 2 -> 30
2017-08-18 8:14:06 - 0 -> Index
2017-08-18 8:14:06 - 1 -> index
2017-08-18 8:14:09 - 0 -> account
2017-08-18 8:14:09 - 1 -> cpanel
2017-08-18 8:15:30 - 0 -> account
2017-08-18 8:15:30 - 1 -> cpanel
2017-08-18 8:15:33 - 0 -> account
2017-08-18 8:15:33 - 1 -> deleteImage
2017-08-18 8:15:33 - 2 -> 30
2017-08-18 8:15:33 - 0 -> Index
2017-08-18 8:15:33 - 1 -> index
2017-08-18 8:15:36 - 0 -> account
2017-08-18 8:15:36 - 1 -> cpanel
2017-08-18 8:15:41 - 0 -> account
2017-08-18 8:15:41 - 1 -> deleteImage
2017-08-18 8:15:41 - 2 -> 30
2017-08-18 8:15:41 - 0 -> Index
2017-08-18 8:15:41 - 1 -> index
2017-08-18 8:15:44 - 0 -> account
2017-08-18 8:15:44 - 1 -> cpanel
2017-08-18 8:15:46 - 0 -> Account
2017-08-18 8:15:46 - 1 -> imageUser
2017-08-18 8:16:00 - 0 -> account
2017-08-18 8:16:00 - 1 -> insertImageUser
2017-08-18 8:16:00 - 0 -> account
2017-08-18 8:16:00 - 1 -> cpanel
2017-08-18 8:16:06 - 0 -> account
2017-08-18 8:16:06 - 1 -> deleteImage
2017-08-18 8:16:06 - 2 -> 30
2017-08-18 8:16:06 - 0 -> Index
2017-08-18 8:16:06 - 1 -> index
2017-08-18 8:16:22 - 0 -> account
2017-08-18 8:16:22 - 1 -> cpanel
2017-08-18 8:16:25 - 0 -> account
2017-08-18 8:16:25 - 1 -> deleteImage
2017-08-18 8:16:25 - 2 -> 30
2017-08-18 8:16:25 - 0 -> Index
2017-08-18 8:16:25 - 1 -> index
2017-08-18 8:16:28 - 0 -> account
2017-08-18 8:16:28 - 1 -> cpanel
2017-08-18 8:16:34 - 0 -> account
2017-08-18 8:16:34 - 1 -> deleteImage
2017-08-18 8:16:34 - 2 -> 30
2017-08-18 8:16:34 - 0 -> Index
2017-08-18 8:16:34 - 1 -> index
2017-08-18 8:17:05 - 0 -> account
2017-08-18 8:17:05 - 1 -> cpanel
2017-08-18 8:17:07 - 0 -> account
2017-08-18 8:17:07 - 1 -> cpanel
2017-08-18 8:17:10 - 0 -> account
2017-08-18 8:17:10 - 1 -> deleteImage
2017-08-18 8:17:10 - 2 -> 30
2017-08-18 8:17:10 - 0 -> Index
2017-08-18 8:17:10 - 1 -> index
2017-08-18 8:17:14 - 0 -> account
2017-08-18 8:17:14 - 1 -> cpanel
2017-08-18 8:17:40 - 0 -> account
2017-08-18 8:17:40 - 1 -> cpanel
2017-08-18 8:17:42 - 0 -> account
2017-08-18 8:17:42 - 1 -> deleteImage
2017-08-18 8:17:42 - 2 -> 30
2017-08-18 8:17:43 - 0 -> Index
2017-08-18 8:17:43 - 1 -> index
2017-08-18 8:17:45 - 0 -> account
2017-08-18 8:17:45 - 1 -> cpanel
2017-08-18 8:17:50 - 0 -> account
2017-08-18 8:17:50 - 1 -> deleteImage
2017-08-18 8:17:50 - 2 -> 30
2017-08-18 8:17:50 - 0 -> Index
2017-08-18 8:17:50 - 1 -> index
2017-08-18 8:17:52 - 0 -> account
2017-08-18 8:17:52 - 1 -> cpanel
2017-08-18 8:21:15 - 0 -> account
2017-08-18 8:21:15 - 1 -> cpanel
2017-08-18 8:21:40 - 0 -> account
2017-08-18 8:21:40 - 1 -> cpanel
2017-08-18 8:21:43 - 0 -> account
2017-08-18 8:21:43 - 1 -> deleteImage
2017-08-18 8:21:43 - 2 -> 6
2017-08-18 8:21:43 - 0 -> account
2017-08-18 8:21:43 - 1 -> cpanel
2017-08-18 8:21:45 - 0 -> account
2017-08-18 8:21:45 - 1 -> deleteImage
2017-08-18 8:21:45 - 2 -> 6
2017-08-18 8:21:45 - 0 -> account
2017-08-18 8:21:45 - 1 -> cpanel
2017-08-18 8:21:47 - 0 -> account
2017-08-18 8:21:47 - 1 -> deleteImage
2017-08-18 8:21:47 - 2 -> 6
2017-08-18 8:21:47 - 0 -> account
2017-08-18 8:21:47 - 1 -> cpanel
2017-08-18 8:21:48 - 0 -> account
2017-08-18 8:21:48 - 1 -> deleteImage
2017-08-18 8:21:48 - 2 -> 6
2017-08-18 8:21:48 - 0 -> account
2017-08-18 8:21:48 - 1 -> cpanel
2017-08-18 8:21:51 - 0 -> Account
2017-08-18 8:21:51 - 1 -> imageUser
2017-08-18 8:22:02 - 0 -> account
2017-08-18 8:22:02 - 1 -> insertImageUser
2017-08-18 8:22:02 - 0 -> account
2017-08-18 8:22:02 - 1 -> cpanel
2017-08-18 8:22:13 - 0 -> User
2017-08-18 8:22:13 - 1 -> DestroySession
2017-08-18 8:22:38 - 0 -> Index
2017-08-18 8:22:38 - 1 -> index
2017-08-18 8:22:55 - 0 -> Index
2017-08-18 8:22:55 - 1 -> index
2017-08-18 8:23:00 - 0 -> user
2017-08-18 8:23:00 - 1 -> signIn
2017-08-18 8:23:00 - 0 -> user
2017-08-18 8:23:25 - 0 -> User
2017-08-18 8:23:25 - 1 -> signIn
2017-08-18 8:23:25 - 0 -> Account
2017-08-18 8:23:25 - 1 -> Cpanel
2017-08-18 8:25:00 - 0 -> Account
2017-08-18 8:25:00 - 1 -> Cpanel
2017-08-18 8:25:17 - 0 -> Account
2017-08-18 8:25:17 - 1 -> Cpanel
2017-08-18 8:26:57 - 0 -> Account
2017-08-18 8:26:57 - 1 -> Cpanel
2017-08-18 8:27:01 - 0 -> Account
2017-08-18 8:27:01 - 1 -> Cpanel
2017-08-18 8:32:03 - 0 -> Account
2017-08-18 8:32:03 - 1 -> imageUser
2017-08-18 8:32:20 - 0 -> account
2017-08-18 8:32:20 - 1 -> insertImageUser
2017-08-18 8:32:20 - 0 -> account
2017-08-18 8:32:20 - 1 -> cpanel
2017-08-18 8:37:24 - 0 -> account
2017-08-18 8:37:24 - 1 -> cpanel
2017-08-18 8:37:55 - 0 -> account
2017-08-18 8:37:55 - 1 -> cpanel
2017-08-18 8:38:32 - 0 -> account
2017-08-18 8:38:32 - 1 -> cpanel
2017-08-18 8:38:34 - 0 -> Account
2017-08-18 8:38:34 - 1 -> imageUser
2017-08-18 8:38:53 - 0 -> account
2017-08-18 8:38:53 - 1 -> insertImageUser
2017-08-18 8:38:53 - 0 -> account
2017-08-18 8:38:53 - 1 -> cpanel
2017-08-18 8:40:03 - 0 -> account
2017-08-18 8:40:03 - 1 -> cpanel
2017-08-18 8:40:06 - 0 -> Account
2017-08-18 8:40:06 - 1 -> imageUser
2017-08-18 8:40:20 - 0 -> account
2017-08-18 8:40:20 - 1 -> insertImageUser
2017-08-18 8:41:15 - 0 -> account
2017-08-18 8:41:15 - 1 -> insertImageUser
2017-08-18 8:41:16 - 0 -> account
2017-08-18 8:41:16 - 1 -> cpanel
2017-08-18 8:42:54 - 0 -> account
2017-08-18 8:42:54 - 1 -> cpanel
2017-08-18 8:42:58 - 0 -> Account
2017-08-18 8:42:58 - 1 -> imageUser
2017-08-18 8:43:28 - 0 -> account
2017-08-18 8:43:28 - 1 -> insertImageUser
2017-08-18 8:43:29 - 0 -> account
2017-08-18 8:43:29 - 1 -> cpanel
2017-08-18 8:44:49 - 0 -> Index
2017-08-18 8:44:49 - 1 -> index
2017-08-18 8:45:26 - 0 -> Index
2017-08-18 8:45:26 - 1 -> index
2017-08-18 8:45:52 - 0 -> index
2017-08-18 8:45:52 - 1 -> teste
2017-08-18 8:45:54 - 0 -> Index
2017-08-18 8:45:54 - 1 -> index
2017-08-18 8:49:16 - 0 -> Index
2017-08-18 8:49:16 - 1 -> index
2017-08-18 8:49:36 - 0 -> index
2017-08-18 8:49:37 - 1 -> delete
2017-08-18 8:49:37 - 2 -> 68
2017-08-18 8:50:02 - 0 -> index
2017-08-18 8:50:02 - 1 -> delete
2017-08-18 8:50:02 - 2 -> 68
2017-08-18 8:50:04 - 0 -> index
2017-08-18 8:50:04 - 1 -> delete
2017-08-18 8:50:04 - 2 -> 68
2017-08-18 8:50:53 - 0 -> index
2017-08-18 8:50:53 - 1 -> delete
2017-08-18 8:50:53 - 2 -> 68
2017-08-18 8:52:43 - 0 -> index
2017-08-18 8:52:43 - 1 -> delete
2017-08-18 8:52:43 - 2 -> 68
2017-08-18 8:53:24 - 0 -> index
2017-08-18 8:53:24 - 1 -> delete
2017-08-18 8:53:24 - 2 -> 68
2017-08-18 8:53:27 - 0 -> Index
2017-08-18 8:53:27 - 1 -> index
2017-08-18 8:53:44 - 0 -> index
2017-08-18 8:53:44 - 1 -> delete
2017-08-18 8:53:44 - 2 -> 70
2017-08-18 8:53:47 - 0 -> Index
2017-08-18 8:53:47 - 1 -> index
2017-08-18 8:54:08 - 0 -> index
2017-08-18 8:54:08 - 1 -> delete
2017-08-18 8:54:08 - 2 -> 71
2017-08-18 8:54:10 - 0 -> Index
2017-08-18 8:54:10 - 1 -> index
2017-08-18 8:54:31 - 0 -> Index
2017-08-18 8:54:31 - 1 -> index
2017-08-18 8:54:37 - 0 -> index
2017-08-18 8:54:37 - 1 -> delete
2017-08-18 8:54:37 - 2 -> 67
2017-08-18 8:54:39 - 0 -> Index
2017-08-18 8:54:39 - 1 -> index
2017-08-18 8:54:47 - 0 -> index
2017-08-18 8:54:47 - 1 -> delete
2017-08-18 8:54:47 - 2 -> 69
2017-08-18 8:54:50 - 0 -> Index
2017-08-18 8:54:50 - 1 -> index
2017-08-18 8:54:59 - 0 -> index
2017-08-18 8:54:59 - 1 -> teste
2017-08-18 8:55:01 - 0 -> Index
2017-08-18 8:55:01 - 1 -> index
2017-08-18 8:59:33 - 0 -> index
2017-08-18 8:59:33 - 1 -> teste
2017-08-18 8:59:36 - 0 -> Index
2017-08-18 8:59:36 - 1 -> index
2017-08-18 8:59:55 - 0 -> index
2017-08-18 8:59:56 - 1 -> getNameById
2017-08-18 8:59:56 - 2 -> 73
2017-08-18 8:59:56 - Array
(
    [0] => Array
        (
            [id] => 73
            [nome] => Marcio Chitunda
            [telefone] => 0a431cb1fda8560ec19b997658830014
        )

)

2017-08-18 9:02:35 - 0 -> index
2017-08-18 9:02:35 - 1 -> getNameById
2017-08-18 9:02:35 - 2 -> 73
2017-08-18 9:02:37 - 0 -> index
2017-08-18 9:02:37 - 1 -> getNameById
2017-08-18 9:02:37 - 2 -> 73
2017-08-18 9:03:08 - 0 -> index
2017-08-18 9:03:08 - 1 -> getNameById
2017-08-18 9:03:08 - 2 -> 73
2017-08-18 9:03:49 - 0 -> index
2017-08-18 9:03:49 - 0 -> index
2017-08-18 9:04:04 - 0 -> index
2017-08-18 9:04:04 - 1 -> getNameById
2017-08-18 9:04:04 - 2 -> 72
2017-08-18 9:05:01 - 0 -> index
2017-08-18 9:05:04 - 0 -> index
2017-08-18 9:05:04 - 1 -> getNameById
2017-08-18 9:05:04 - 2 -> 72
2017-08-18 9:05:10 - 0 -> index
2017-08-18 9:05:10 - 1 -> getNameById
2017-08-18 9:05:10 - 2 -> 73
2017-08-18 9:08:13 - 0 -> index
2017-08-18 9:08:13 - 1 -> getNameById
2017-08-18 9:08:13 - 2 -> 73
2017-08-18 9:08:36 - 0 -> index
2017-08-18 9:08:36 - 1 -> getNameById
2017-08-18 9:08:36 - 2 -> 73
2017-08-18 9:10:50 - 0 -> index
2017-08-18 9:10:50 - 1 -> getNameById
2017-08-18 9:10:50 - 2 -> 73
2017-08-18 9:12:25 - 0 -> index
2017-08-18 9:12:25 - 1 -> getNameById
2017-08-18 9:12:25 - 2 -> 73
2017-08-18 9:15:16 - 0 -> index
2017-08-18 9:15:16 - 1 -> getNameById
2017-08-18 9:15:16 - 2 -> 73
2017-08-18 13:23:53 - 0 -> index
2017-08-18 13:23:53 - 1 -> getNameById
2017-08-18 13:23:53 - 2 -> 73
2017-08-18 13:23:58 - 0 -> index
2017-08-18 13:23:58 - 1 -> getNameById
2017-08-18 13:23:58 - 2 -> 73
2017-08-18 13:28:35 - 0 -> index
2017-08-18 13:28:35 - 1 -> getNameById
2017-08-18 13:28:35 - 2 -> 73
2017-08-18 14:44:30 - 0 -> index
2017-08-18 14:44:34 - 0 -> index
2017-08-18 14:45:35 - 0 -> index
2017-08-18 14:58:47 - 0 -> index
2017-08-18 15:30:57 - 0 -> index
2017-08-18 15:31:04 - 0 -> Article
2017-08-18 15:31:04 - 1 -> art_pre_post
2017-08-18 15:31:04 - 2 -> 9
2017-08-18 15:31:06 - 0 -> Article
2017-08-18 15:31:06 - 1 -> art_pre_post
2017-08-18 15:31:06 - 2 -> Module
2017-08-18 15:31:06 - 3 -> Clinica
2017-08-18 15:31:06 - 4 -> Public
2017-08-18 15:31:06 - 5 -> js
2017-08-18 15:31:06 - 6 -> logout.js
2017-08-18 16:07:21 - 0 -> Article
2017-08-18 16:07:21 - 1 -> art_pre_post
2017-08-18 16:07:21 - 2 -> 9
2017-08-18 16:07:22 - 0 -> Article
2017-08-18 16:07:22 - 1 -> art_pre_post
2017-08-18 16:07:22 - 2 -> Module
2017-08-18 16:07:22 - 3 -> Clinica
2017-08-18 16:07:22 - 4 -> Public
2017-08-18 16:07:22 - 5 -> js
2017-08-18 16:07:22 - 6 -> logout.js
2017-08-18 16:07:27 - 0 -> index
2017-08-18 16:31:39 - 0 -> index
2017-08-18 16:32:16 - 0 -> index
2017-08-18 16:33:37 - 0 -> index
2017-08-18 16:35:39 - 0 -> index
2017-08-18 16:36:12 - 0 -> index
2017-08-18 16:37:01 - 0 -> index
2017-08-18 16:39:57 - 0 -> index
2017-08-19 7:03:14 - 0 -> index
2017-08-19 7:03:38 - 0 -> index
2017-08-19 7:04:24 - 0 -> index
2017-08-21 1:54:45 - 0 -> Index
2017-08-21 1:54:46 - 1 -> index
2017-08-21 2:11:02 - 0 -> Index
2017-08-21 2:11:02 - 1 -> index
2017-08-21 2:12:26 - 0 -> Index
2017-08-21 2:12:26 - 1 -> index
2017-08-21 2:13:18 - 0 -> Index
2017-08-21 2:13:18 - 1 -> index
2017-08-21 2:33:30 - 0 -> Index
2017-08-21 2:33:30 - 1 -> index
2017-08-23 14:46:45 - 0 -> Index
2017-08-23 14:46:45 - 1 -> index
2017-08-23 14:48:32 - 0 -> Index
2017-08-23 14:48:32 - 1 -> index
2017-08-23 15:24:45 - 0 -> Index
2017-08-23 15:24:46 - 1 -> index
2017-08-23 15:28:08 - 0 -> Index
2017-08-23 15:28:08 - 1 -> index
2017-08-23 15:28:11 - 0 -> Index
2017-08-23 15:28:11 - 1 -> index
2017-08-23 15:32:08 - 0 -> Index
2017-08-23 15:32:08 - 1 -> index
2017-08-23 15:32:28 - 0 -> Index
2017-08-23 15:32:28 - 1 -> index
2017-08-23 15:32:31 - 0 -> Index
2017-08-23 15:32:31 - 1 -> index
2017-08-23 15:33:12 - 0 -> Index
2017-08-23 15:33:12 - 1 -> index
2017-08-23 15:33:15 - 0 -> Index
2017-08-23 15:33:15 - 1 -> index
2017-08-23 15:34:32 - 0 -> Index
2017-08-23 15:34:32 - 1 -> index
2017-08-23 15:34:53 - 0 -> Index
2017-08-23 15:34:53 - 1 -> index
2017-08-23 15:35:40 - 0 -> Index
2017-08-23 15:35:40 - 1 -> index
2017-08-23 15:36:25 - 0 -> Index
2017-08-23 15:36:25 - 1 -> index
2017-08-23 15:36:45 - 0 -> Index
2017-08-23 15:36:45 - 1 -> index
2017-08-23 15:36:48 - 0 -> Index
2017-08-23 15:36:48 - 1 -> index
2017-08-23 15:37:47 - 0 -> Index
2017-08-23 15:37:47 - 1 -> index
2017-08-23 15:37:50 - 0 -> Index
2017-08-23 15:37:50 - 1 -> index
2017-08-23 15:38:40 - 0 -> Index
2017-08-23 15:38:40 - 1 -> index
2017-08-23 15:40:41 - 0 -> Index
2017-08-23 15:40:41 - 1 -> index
2017-08-23 15:41:17 - 0 -> Index
2017-08-23 15:41:17 - 1 -> index
2017-08-23 15:41:20 - 0 -> Index
2017-08-23 15:41:20 - 1 -> index
2017-08-23 15:41:41 - 0 -> Index
2017-08-23 15:41:41 - 1 -> index
2017-08-23 15:43:12 - 0 -> Index
2017-08-23 15:43:12 - 1 -> index
2017-08-23 15:43:47 - 0 -> Index
2017-08-23 15:43:47 - 1 -> index
2017-08-23 15:44:20 - 0 -> Index
2017-08-23 15:44:20 - 1 -> index
2017-08-23 15:44:36 - 0 -> Index
2017-08-23 15:44:36 - 1 -> index
2017-08-23 15:45:04 - 0 -> Index
2017-08-23 15:45:04 - 1 -> index
2017-08-23 15:45:23 - 0 -> Index
2017-08-23 15:45:23 - 1 -> index
2017-08-23 15:46:35 - 0 -> Index
2017-08-23 15:46:35 - 1 -> index
2017-08-23 15:46:52 - 0 -> Index
2017-08-23 15:46:52 - 1 -> index
2017-08-23 15:46:57 - 0 -> Index
2017-08-23 15:46:57 - 1 -> index
2017-08-23 15:47:57 - 0 -> Index
2017-08-23 15:47:57 - 1 -> index
2017-08-23 15:48:28 - 0 -> Index
2017-08-23 15:48:28 - 1 -> index
2017-08-23 15:49:02 - 0 -> Index
2017-08-23 15:49:02 - 1 -> index
2017-08-23 15:49:23 - 0 -> Index
2017-08-23 15:49:23 - 1 -> index
2017-08-23 15:49:38 - 0 -> Index
2017-08-23 15:49:38 - 1 -> index
2017-08-23 15:49:41 - 0 -> Index
2017-08-23 15:49:41 - 1 -> index
2017-08-23 15:50:05 - 0 -> Index
2017-08-23 15:50:05 - 1 -> index
2017-08-23 15:58:01 - 0 -> Index
2017-08-23 15:58:02 - 1 -> index
2017-08-23 17:25:18 - 0 -> Index
2017-08-23 17:25:18 - 1 -> index
2017-08-24 6:06:23 - 0 -> Index
2017-08-24 6:06:32 - 1 -> index
2017-08-24 8:27:16 - 0 -> Index
2017-08-24 8:27:17 - 1 -> index
2017-08-24 8:52:11 - 0 -> Index
2017-08-24 8:52:11 - 1 -> index
